<?xml version="1.0" encoding="UTF-8"?>
<!-- Generated by org.testng.reporters.JUnitReportReporter -->
<testsuite hostname="DHNPLAP180-rjoshi" failures="0" tests="1" name="firstTest.SampleTest" time="0.023" errors="0" timestamp="2024-12-03T10:21:58 GMT+05:45" skipped="0">
  <testcase classname="firstTest.SampleTest" name="sampleMethod" time="0.023"/>
  <system-out/>
</testsuite> <!-- firstTest.SampleTest -->
