<?xml version="1.0" encoding="UTF-8"?>
<!-- Generated by org.testng.reporters.JUnitReportReporter -->
<testsuite hostname="DHNPLAP180-rjoshi" failures="0" tests="1" name="firstTest.RegisterTest" time="25.348" errors="0" timestamp="2024-12-03T11:00:19 GMT+05:45" skipped="0">
  <testcase classname="firstTest.RegisterTest" name="verifyRegisterTest" time="25.348"/>
  <system-out>
Before Finding ElementBy.xpath: //input[@name='vfb-5'] Before sending any values to input field[[ChromeDriver: chrome on windows (9a6694a68a1d569a8541680b069c9b61)] -> xpath: //input[@name='vfb-5']] Before Finding ElementBy.xpath: //input[@name='vfb-7'] Before sending any values to input field[[ChromeDriver: chrome on windows (9a6694a68a1d569a8541680b069c9b61)] -> xpath: //input[@name='vfb-7']] Before Finding ElementBy.xpath: //input[@value='Male'] Before Clicking:[[ChromeDriver: chrome on windows (9a6694a68a1d569a8541680b069c9b61)] -> xpath: //input[@value='Male']] After Clicking:[[ChromeDriver: chrome on windows (9a6694a68a1d569a8541680b069c9b61)] -> xpath: //input[@value='Male']] register testcase Done!  </system-out>
</testsuite> <!-- firstTest.RegisterTest -->
